<?xml version="1.0" encoding="UTF-8"?>
<!-- Generated by org.testng.reporters.JUnitReportReporter -->
<testsuite hostname="rajbmaclap" name="pageTests.ContactPageTest" tests="4" failures="0" timestamp="7 Aug 2017 14:07:26 GMT" time="4.923" errors="0">
  <testcase name="allDataFilled" time="2.823" classname="pageTests.ContactPageTest"/>
  <testcase name="incorrectPhoneFilled" time="1.255" classname="pageTests.ContactPageTest"/>
  <testcase name="getInTouchTest" time="0.705" classname="pageTests.ContactPageTest"/>
  <testcase name="noDataFilled" time="0.140" classname="pageTests.ContactPageTest"/>
</testsuite> <!-- pageTests.ContactPageTest -->
