<?xml version="1.0" encoding="UTF-8"?>
<!-- Generated by org.testng.reporters.JUnitReportReporter -->
<testsuite hostname="rajbmaclap" name="pageTests.HomePageTest" tests="9" failures="0" timestamp="7 Aug 2017 14:09:53 GMT" time="38.520" errors="0">
  <testcase name="newsroomMenuClick" time="0.769" classname="pageTests.HomePageTest"/>
  <testcase name="uptakeImageClick" time="0.823" classname="pageTests.HomePageTest"/>
  <testcase name="beyondUptakeMenuClick" time="32.005" classname="pageTests.HomePageTest"/>
  <testcase name="requestMoreInfoButton" time="0.173" classname="pageTests.HomePageTest"/>
  <testcase name="aboutMenuClick" time="0.633" classname="pageTests.HomePageTest"/>
  <testcase name="productsMenuClick" time="0.595" classname="pageTests.HomePageTest"/>
  <testcase name="industriesMenuClick" time="0.542" classname="pageTests.HomePageTest"/>
  <testcase name="learnMoreButton" time="0.549" classname="pageTests.HomePageTest"/>
  <testcase name="blogMenuClick" time="2.431" classname="pageTests.HomePageTest"/>
</testsuite> <!-- pageTests.HomePageTest -->
